<?xml version="1.0" encoding="UTF-8"?>
<testsuite name="TestNGTest-94baee72-6506-485e-a979-94756def0ac6"
           tests="1"
           failures="1"
           errors="0"
           skipped="0"
           time="0.721">
    <properties></properties>

            <testcase
                name="getIPInformation"
                time="0.721"
                classname="RestAssured.TestQuery">

            <failure type="java.lang.IllegalArgumentException" message="Invalid number of path parameters. Expected 0, was 1. Redundant path parameters are: ipAddress=107.218.134.107.">
                <![CDATA[java.lang.IllegalArgumentException: Invalid number of path parameters. Expected 0, was 1. Redundant path parameters are: ipAddress=107.218.134.107.
                java.base/jdk.internal.reflect.DirectConstructorHandleAccessor.newInstance(DirectConstructorHandleAccessor.java:62)java.base/java.lang.reflect.Constructor.newInstanceWithCaller(Constructor.java:502)java.base/java.lang.reflect.Constructor.newInstance(Constructor.java:486)org.codehaus.groovy.reflection.CachedConstructor.invoke(CachedConstructor.java:73)org.codehaus.groovy.reflection.CachedConstructor.doConstructorInvoke(CachedConstructor.java:60)org.codehaus.groovy.runtime.callsite.ConstructorSite$ConstructorSiteNoUnwrap.callConstructor(ConstructorSite.java:86)org.codehaus.groovy.runtime.callsite.CallSiteArray.defaultCallConstructor(CallSiteArray.java:57)org.codehaus.groovy.runtime.callsite.AbstractCallSite.callConstructor(AbstractCallSite.java:263)org.codehaus.groovy.runtime.callsite.AbstractCallSite.callConstructor(AbstractCallSite.java:277)io.restassured.internal.RequestSpecificationImpl.assertCorrectNumberOfPathParams(RequestSpecificationImpl.groovy:1277)java.base/jdk.internal.reflect.DirectMethodHandleAccessor.invoke(DirectMethodHandleAccessor.java:103)java.base/java.lang.reflect.Method.invoke(Method.java:580)org.codehaus.groovy.reflection.CachedMethod.invoke(CachedMethod.java:343)groovy.lang.MetaMethod.doMethodInvoke(MetaMethod.java:328)groovy.lang.MetaClassImpl.doInvokeMethod(MetaClassImpl.java:1333)groovy.lang.MetaClassImpl.invokeMethod(MetaClassImpl.java:1088)groovy.lang.MetaClassImpl.invokeMethod(MetaClassImpl.java:1007)groovy.lang.MetaClassImpl.invokeMethod(MetaClassImpl.java:790)io.restassured.internal.RequestSpecificationImpl.invokeMethod(RequestSpecificationImpl.groovy)org.codehaus.groovy.runtime.callsite.PogoInterceptableSite.call(PogoInterceptableSite.java:46)org.codehaus.groovy.runtime.callsite.PogoInterceptableSite.callCurrent(PogoInterceptableSite.java:57)org.codehaus.groovy.runtime.callsite.CallSiteArray.defaultCallCurrent(CallSiteArray.java:49)org.codehaus.groovy.runtime.callsite.AbstractCallSite.callCurrent(AbstractCallSite.java:171)org.codehaus.groovy.runtime.callsite.AbstractCallSite.callCurrent(AbstractCallSite.java:176)io.restassured.internal.RequestSpecificationImpl.sendRequest(RequestSpecificationImpl.groovy:1161)io.restassured.internal.RequestSpecificationImpl.this$2$sendRequest(RequestSpecificationImpl.groovy)java.base/jdk.internal.reflect.DirectMethodHandleAccessor.invoke(DirectMethodHandleAccessor.java:103)java.base/java.lang.reflect.Method.invoke(Method.java:580)org.codehaus.groovy.reflection.CachedMethod.invoke(CachedMethod.java:343)groovy.lang.MetaMethod.doMethodInvoke(MetaMethod.java:328)groovy.lang.MetaClassImpl.doInvokeMethod(MetaClassImpl.java:1333)groovy.lang.MetaClassImpl.invokeMethod(MetaClassImpl.java:1088)groovy.lang.MetaClassImpl.invokeMethod(MetaClassImpl.java:1007)groovy.lang.MetaClassImpl.invokeMethod(MetaClassImpl.java:790)io.restassured.internal.RequestSpecificationImpl.invokeMethod(RequestSpecificationImpl.groovy)org.codehaus.groovy.runtime.callsite.PogoInterceptableSite.call(PogoInterceptableSite.java:46)org.codehaus.groovy.runtime.callsite.CallSiteArray.defaultCall(CallSiteArray.java:45)org.codehaus.groovy.runtime.callsite.AbstractCallSite.call(AbstractCallSite.java:125)org.codehaus.groovy.runtime.callsite.AbstractCallSite.call(AbstractCallSite.java:166)io.restassured.internal.filter.SendRequestFilter.filter(SendRequestFilter.groovy:30)io.restassured.filter.Filter$filter.call(Unknown Source)org.codehaus.groovy.runtime.callsite.CallSiteArray.defaultCall(CallSiteArray.java:45)io.restassured.filter.Filter$filter$0.call(Unknown Source)io.restassured.internal.filter.FilterContextImpl.next(FilterContextImpl.groovy:72)io.restassured.filter.time.TimingFilter.filter(TimingFilter.java:56)io.restassured.filter.Filter$filter$0.call(Unknown Source)org.codehaus.groovy.runtime.callsite.CallSiteArray.defaultCall(CallSiteArray.java:45)io.restassured.filter.Filter$filter.call(Unknown Source)io.restassured.internal.filter.FilterContextImpl.next(FilterContextImpl.groovy:72)io.restassured.filter.FilterContext$next.call(Unknown Source)org.codehaus.groovy.runtime.callsite.CallSiteArray.defaultCall(CallSiteArray.java:45)org.codehaus.groovy.runtime.callsite.AbstractCallSite.call(AbstractCallSite.java:125)org.codehaus.groovy.runtime.callsite.AbstractCallSite.call(AbstractCallSite.java:148)io.restassured.internal.filter.CsrfFilter.filter(CsrfFilter.groovy:89)io.restassured.filter.Filter$filter.call(Unknown Source)org.codehaus.groovy.runtime.callsite.CallSiteArray.defaultCall(CallSiteArray.java:45)org.codehaus.groovy.runtime.callsite.AbstractCallSite.call(AbstractCallSite.java:125)org.codehaus.groovy.runtime.callsite.AbstractCallSite.call(AbstractCallSite.java:157)io.restassured.internal.filter.FilterContextImpl.next(FilterContextImpl.groovy:72)io.restassured.filter.FilterContext$next.call(Unknown Source)org.codehaus.groovy.runtime.callsite.CallSiteArray.defaultCall(CallSiteArray.java:45)org.codehaus.groovy.runtime.callsite.AbstractCallSite.call(AbstractCallSite.java:125)org.codehaus.groovy.runtime.callsite.AbstractCallSite.call(AbstractCallSite.java:148)io.restassured.internal.RequestSpecificationImpl.applyPathParamsAndSendRequest(RequestSpecificationImpl.groovy:1704)io.restassured.internal.RequestSpecificationImpl.this$2$applyPathParamsAndSendRequest(RequestSpecificationImpl.groovy)java.base/jdk.internal.reflect.DirectMethodHandleAccessor.invoke(DirectMethodHandleAccessor.java:103)java.base/java.lang.reflect.Method.invoke(Method.java:580)org.codehaus.groovy.reflection.CachedMethod.invoke(CachedMethod.java:343)groovy.lang.MetaMethod.doMethodInvoke(MetaMethod.java:328)groovy.lang.MetaClassImpl.doInvokeMethod(MetaClassImpl.java:1333)groovy.lang.MetaClassImpl.invokeMethod(MetaClassImpl.java:1088)groovy.lang.MetaClassImpl.invokeMethod(MetaClassImpl.java:1007)groovy.lang.MetaClassImpl.invokeMethod(MetaClassImpl.java:790)io.restassured.internal.RequestSpecificationImpl.invokeMethod(RequestSpecificationImpl.groovy)org.codehaus.groovy.runtime.callsite.PogoInterceptableSite.call(PogoInterceptableSite.java:46)org.codehaus.groovy.runtime.callsite.PogoInterceptableSite.callCurrent(PogoInterceptableSite.java:57)org.codehaus.groovy.runtime.callsite.CallSiteArray.defaultCallCurrent(CallSiteArray.java:49)org.codehaus.groovy.runtime.callsite.AbstractCallSite.callCurrent(AbstractCallSite.java:171)org.codehaus.groovy.runtime.callsite.AbstractCallSite.callCurrent(AbstractCallSite.java:203)io.restassured.internal.RequestSpecificationImpl.applyPathParamsAndSendRequest(RequestSpecificationImpl.groovy:1710)io.restassured.internal.RequestSpecificationImpl.this$2$applyPathParamsAndSendRequest(RequestSpecificationImpl.groovy)java.base/jdk.internal.reflect.DirectMethodHandleAccessor.invoke(DirectMethodHandleAccessor.java:103)java.base/java.lang.reflect.Method.invoke(Method.java:580)org.codehaus.groovy.reflection.CachedMethod.invoke(CachedMethod.java:343)groovy.lang.MetaMethod.doMethodInvoke(MetaMethod.java:328)groovy.lang.MetaClassImpl.doInvokeMethod(MetaClassImpl.java:1333)groovy.lang.MetaClassImpl.invokeMethod(MetaClassImpl.java:1088)groovy.lang.MetaClassImpl.invokeMethod(MetaClassImpl.java:1007)groovy.lang.MetaClassImpl.invokeMethod(MetaClassImpl.java:790)io.restassured.internal.RequestSpecificationImpl.invokeMethod(RequestSpecificationImpl.groovy)org.codehaus.groovy.runtime.callsite.PogoInterceptableSite.call(PogoInterceptableSite.java:46)org.codehaus.groovy.runtime.callsite.PogoInterceptableSite.callCurrent(PogoInterceptableSite.java:57)org.codehaus.groovy.runtime.callsite.CallSiteArray.defaultCallCurrent(CallSiteArray.java:49)org.codehaus.groovy.runtime.callsite.AbstractCallSite.callCurrent(AbstractCallSite.java:171)org.codehaus.groovy.runtime.callsite.AbstractCallSite.callCurrent(AbstractCallSite.java:203)io.restassured.internal.RequestSpecificationImpl.get(RequestSpecificationImpl.groovy:172)io.restassured.internal.RequestSpecificationImpl.get(RequestSpecificationImpl.groovy)RestAssured.TestQuery.getIPInformation(TestQuery.java:22)java.base/jdk.internal.reflect.DirectMethodHandleAccessor.invoke(DirectMethodHandleAccessor.java:103)java.base/java.lang.reflect.Method.invoke(Method.java:580)org.testng.internal.invokers.MethodInvocationHelper.invokeMethod(MethodInvocationHelper.java:141)org.testng.internal.invokers.TestInvoker.invokeMethod(TestInvoker.java:686)org.testng.internal.invokers.TestInvoker.invokeTestMethod(TestInvoker.java:230)org.testng.internal.invokers.MethodRunner.runInSequence(MethodRunner.java:63)org.testng.internal.invokers.TestInvoker$MethodInvocationAgent.invoke(TestInvoker.java:992)org.testng.internal.invokers.TestInvoker.invokeTestMethods(TestInvoker.java:203)org.testng.internal.invokers.TestMethodWorker.invokeTestMethods(TestMethodWorker.java:154)org.testng.internal.invokers.TestMethodWorker.run(TestMethodWorker.java:134)java.base/java.util.ArrayList.forEach(ArrayList.java:1596)org.testng.TestRunner.privateRun(TestRunner.java:739)org.testng.TestRunner.run(TestRunner.java:614)org.testng.SuiteRunner.runTest(SuiteRunner.java:421)org.testng.SuiteRunner.runSequentially(SuiteRunner.java:413)org.testng.SuiteRunner.privateRun(SuiteRunner.java:373)org.testng.SuiteRunner.run(SuiteRunner.java:312)org.testng.SuiteRunnerWorker.runSuite(SuiteRunnerWorker.java:52)org.testng.SuiteRunnerWorker.run(SuiteRunnerWorker.java:95)org.testng.TestNG.runSuitesSequentially(TestNG.java:1274)org.testng.TestNG.runSuitesLocally(TestNG.java:1208)org.testng.TestNG.runSuites(TestNG.java:1112)org.testng.TestNG.run(TestNG.java:1079)com.microsoft.java.test.runner.testng.TestNGRunner.run(TestNGRunner.java:45)com.microsoft.java.test.runner.testng.TestNGLauncher.execute(TestNGLauncher.java:32)com.microsoft.java.test.runner.Launcher.main(Launcher.java:57)
]]>
            </failure>
    </testcase>


</testsuite>
