<?xml version="1.0" encoding="UTF-8"?>
<!-- Generated by org.testng.reporters.JUnitXMLReporter -->
<testsuite ignored="2" hostname="IBM-503MFD4" failures="0" tests="3" name="FSTActivities" time="6.136" errors="0" timestamp="2026-02-03T14:12:22 IST">
  <testcase classname="testNG.Activity5" name="pageTitleTest" time="0.039"/>
  <testcase classname="testNG.Activity5" name="HeaderTest1" time="0.05"/>
  <testcase classname="testNG.Activity5" name="HeaderTest2" time="0.029"/>
  <testcase classname="testNG.Activity5" name="ButtonTest1" time="0.0">
    <ignored/>
  </testcase> <!-- ButtonTest1 -->
  <testcase classname="testNG.Activity5" name="ButtonTest2" time="0.0">
    <ignored/>
  </testcase> <!-- ButtonTest2 -->
</testsuite> <!-- FSTActivities -->
