<?xml version="1.0" encoding="UTF-8"?>
<testng-results ignored="0" total="1" passed="1" failed="0" skipped="0">
  <reporter-output>
    <line>
      <![CDATA[Typing in Username]]>
    </line>
    <line>
      <![CDATA[Typing in Password]]>
    </line>
    <line>
      <![CDATA[Logging in]]>
    </line>
  </reporter-output>
  <suite started-at="2026-02-15T17:46:37 IST" name="Default suite" finished-at="2026-02-15T17:46:44 IST" duration-ms="7016">
    <groups>
    </groups>
    <test started-at="2026-02-15T17:46:37 IST" name="Default test" finished-at="2026-02-15T17:46:44 IST" duration-ms="7016">
      <class name="testNG.NewA_3">
        <test-method is-config="true" signature="setup()[pri:0, instance:testNG.NewA_3@fd07cbb]" started-at="2026-02-15T17:46:37 IST" name="setup" finished-at="2026-02-15T17:46:41 IST" duration-ms="4275" status="PASS">
          <reporter-output>
          </reporter-output>
        </test-method> <!-- setup -->
        <test-method signature="login_test()[pri:0, instance:testNG.NewA_3@fd07cbb]" started-at="2026-02-15T17:46:41 IST" name="login_test" finished-at="2026-02-15T17:46:42 IST" duration-ms="636" status="PASS">
          <reporter-output>
            <line>
              <![CDATA[Typing in Username]]>
            </line>
            <line>
              <![CDATA[Typing in Password]]>
            </line>
            <line>
              <![CDATA[Logging in]]>
            </line>
          </reporter-output>
        </test-method> <!-- login_test -->
        <test-method is-config="true" signature="end()[pri:0, instance:testNG.NewA_3@fd07cbb]" started-at="2026-02-15T17:46:42 IST" name="end" finished-at="2026-02-15T17:46:44 IST" duration-ms="2062" status="PASS">
          <reporter-output>
          </reporter-output>
        </test-method> <!-- end -->
      </class> <!-- testNG.NewA_3 -->
    </test> <!-- Default test -->
  </suite> <!-- Default suite -->
</testng-results>
