<?xml version="1.0" encoding="UTF-8"?>
<!-- Generated by org.testng.reporters.JUnitReportReporter -->
<testsuite hostname="IBM-503MFD4" failures="0" tests="5" name="testNG.Activity5" time="0.164" errors="0" timestamp="2026-02-03T15:13:13 IST" skipped="0">
  <testcase classname="testNG.Activity5" name="HeaderTest1" time="0.022"/>
  <testcase classname="testNG.Activity5" name="ButtonTest1" time="0.047"/>
  <testcase classname="testNG.Activity5" name="pageTitleTest" time="0.025"/>
  <testcase classname="testNG.Activity5" name="HeaderTest2" time="0.029"/>
  <testcase classname="testNG.Activity5" name="ButtonTest2" time="0.041"/>
</testsuite> <!-- testNG.Activity5 -->
