<?xml version="1.0" encoding="UTF-8"?>
<!-- Generated by org.testng.reporters.JUnitReportReporter -->
<testsuite hostname="IBM-503MFD4" failures="0" tests="1" name="testNG.NewA_3" time="0.636" errors="0" timestamp="2026-02-15T17:46:44 IST" skipped="0">
  <testcase classname="testNG.NewA_3" name="login_test" time="0.636">
    <system-out>
      <![CDATA[Typing in Username
Typing in Password
Logging in]]>
    </system-out>
  </testcase> <!-- login_test -->
  <system-out>
    <![CDATA[Typing in Username
Typing in Password
Logging in]]>
  </system-out>
</testsuite> <!-- testNG.NewA_3 -->
