<?xml version="1.0" encoding="UTF-8"?>
<!-- Generated by org.testng.reporters.JUnitReportReporter -->
<testsuite hostname="IBM-503MFD4" failures="0" tests="3" name="testNG.Activity9" time="0.595" errors="0" timestamp="2026-02-03T15:42:42 IST" skipped="0">
  <testcase classname="testNG.Activity9" name="simpleAlertTestCase" time="0.285">
    <system-out>
      <![CDATA[Simple Alert Test started |
Simple alert triggered |
Switched focus to simple alert |
Simple alert text: You've just triggered a simple alert! |
Simple alert accepted |]]>
    </system-out>
  </testcase> <!-- simpleAlertTestCase -->
  <testcase classname="testNG.Activity9" name="confirmAlertTestCase" time="0.155">
    <system-out>
      <![CDATA[Confirm Alert Test started |
Confirm alert triggered |
Switched focus to confirm alert |
Confirm alert text: You've just triggered a confirmation alert! |
Confirm alert accepted |]]>
    </system-out>
  </testcase> <!-- confirmAlertTestCase -->
  <testcase classname="testNG.Activity9" name="promptAlertTestCase" time="0.155">
    <system-out>
      <![CDATA[Prompt Alert Test started |
Prompt alert triggered |
Switched focus to prompt alert |
Prompt alert text: I'm a Prompt! Type something into me! |
Text entered into prompt alert |
Prompt alert accepted |]]>
    </system-out>
  </testcase> <!-- promptAlertTestCase -->
  <system-out>
    <![CDATA[Starting Test Execution |
Browser opened with Alerts page |
Page title: Selenium: Alerts |
BeforeMethod: Switching back to default content |
Simple Alert Test started |
Simple alert triggered |
Switched focus to simple alert |
Simple alert text: You've just triggered a simple alert! |
Simple alert accepted |
BeforeMethod: Switching back to default content |
Confirm Alert Test started |
Confirm alert triggered |
Switched focus to confirm alert |
Confirm alert text: You've just triggered a confirmation alert! |
Confirm alert accepted |
BeforeMethod: Switching back to default content |
Prompt Alert Test started |
Prompt alert triggered |
Switched focus to prompt alert |
Prompt alert text: I'm a Prompt! Type something into me! |
Text entered into prompt alert |
Prompt alert accepted |
Ending Test Execution |]]>
  </system-out>
</testsuite> <!-- testNG.Activity9 -->
